<?xml version="1.0" encoding="UTF-8"?>
<!-- Generated by org.testng.reporters.JUnitReportReporter -->
<testsuite skipped="0" hostname="DESKTOP-JQ0LRFT" name="allTest.GoogleSearchTest" tests="1" failures="0" timestamp="2020-03-02T13:32:41 EST" time="12.210" errors="0">
  <testcase name="searchTest" time="12.210" classname="allTest.GoogleSearchTest"/>
  <system-out/>
</testsuite> <!-- allTest.GoogleSearchTest -->
